<?xml version="1.0" encoding="UTF-8"?>
<!-- Generated by org.testng.reporters.JUnitReportReporter -->
<testsuite hostname="DESKTOP-9FS0TQS" failures="0" tests="1" name="utils.UtilMethods" time="2.024" errors="0" timestamp="25 Nov 2024 16:20:41 GMT" skipped="0">
  <testcase classname="utils.UtilMethods" name="LaunchBrowser" time="2.024"/>
</testsuite> <!-- utils.UtilMethods -->
