<?xml version="1.0" encoding="UTF-8"?>
<!-- Generated by org.testng.reporters.JUnitReportReporter -->
<testsuite hostname="DESKTOP-9FS0TQS" failures="0" tests="1" name="testcases.TC002_AddProductTest" time="0.426" errors="0" timestamp="25 Nov 2024 18:18:09 GMT" skipped="0">
  <testcase classname="testcases.TC002_AddProductTest" name="addProduct" time="0.426"/>
</testsuite> <!-- testcases.TC002_AddProductTest -->
