<?xml version="1.0" encoding="UTF-8"?>
<!-- Generated by org.testng.reporters.JUnitReportReporter -->
<testsuite hostname="DESKTOP-9FS0TQS" failures="0" tests="1" name="testcases.TC001_LoginTest" time="0.332" errors="0" timestamp="25 Nov 2024 16:50:44 GMT" skipped="0">
  <testcase classname="testcases.TC001_LoginTest" name="loginApp" time="0.332"/>
</testsuite> <!-- testcases.TC001_LoginTest -->
